
Find by ID de la base de données : Fri Oct 27 23:47:43 WEST 2023

Insertion à la base de données : Fri Oct 27 23:53:04 WEST 2023

Insertion à la base de données : Fri Oct 27 23:55:55 WEST 2023

Find by ID de la base de données : Fri Oct 27 23:56:05 WEST 2023

Find by ID de la base de données : Fri Oct 27 23:56:17 WEST 2023

Suppression de la base de données : Fri Oct 27 23:56:17 WEST 2023

Insertion à la base de données : Sat Oct 28 00:15:48 WEST 2023

Insertion à la base de données : Sat Oct 28 00:17:26 WEST 2023

Insertion à la base de données : Sat Oct 28 00:29:46 WEST 2023

Find all de la base de données : Sat Oct 28 00:29:48 WEST 2023

Insertion à la base de données : Sat Oct 28 00:31:05 WEST 2023

Find all de la base de données : Sat Oct 28 00:31:08 WEST 2023

Insertion à la base de données : Sat Oct 28 00:31:30 WEST 2023

Find all de la base de données : Sat Oct 28 00:31:32 WEST 2023

Find by ID de la base de données : Sat Oct 28 00:32:09 WEST 2023

Insertion à la base de données : Wed Nov 01 19:56:04 WEST 2023

Find all de la base de données : Wed Nov 01 19:56:18 WEST 2023

Insertion à la base de données : Wed Nov 01 20:29:03 WEST 2023

Find by ID de la base de données : Wed Nov 01 20:29:14 WEST 2023

Modification à la base de données : Wed Nov 01 20:29:14 WEST 2023

Insertion à la base de données : Wed Nov 01 20:30:36 WEST 2023

Insertion à la base de données : Wed Nov 01 20:30:53 WEST 2023

Find by ID de la base de données : Wed Nov 01 20:30:57 WEST 2023

Modification à la base de données : Wed Nov 01 20:30:57 WEST 2023

Insertion à la base de données : Wed Nov 01 20:32:30 WEST 2023

Find by ID de la base de données : Wed Nov 01 20:32:33 WEST 2023

Modification à la base de données : Wed Nov 01 20:32:39 WEST 2023

Find all de la base de données : Wed Nov 01 20:32:48 WEST 2023

Find all de la base de données : Wed Nov 01 20:33:22 WEST 2023

Find by ID de la base de données : Wed Nov 01 20:33:29 WEST 2023

Modification à la base de données : Wed Nov 01 20:33:34 WEST 2023

Find all de la base de données : Wed Nov 01 20:33:39 WEST 2023

Insertion à la base de données : Wed Nov 01 20:35:38 WEST 2023

Insertion à la base de données : Wed Nov 01 20:37:31 WEST 2023

Find by ID de la base de données : Wed Nov 01 20:37:39 WEST 2023

Modification à la base de données : Wed Nov 01 20:37:44 WEST 2023

Find all de la base de données : Wed Nov 01 20:37:46 WEST 2023

Insertion à la base de données : Wed Nov 01 21:40:50 WEST 2023

Insertion à la base de données : Wed Nov 01 21:40:50 WEST 2023

Insertion à la base de données : Wed Nov 01 21:40:50 WEST 2023

Insertion à la base de données : Wed Nov 01 21:40:50 WEST 2023

Insertion à la base de données : Wed Nov 01 21:40:50 WEST 2023

Insertion à la base de données : Wed Nov 01 21:40:50 WEST 2023

Insertion à la base de données : Wed Nov 01 21:40:50 WEST 2023

Insertion à la base de données : Wed Nov 01 21:40:50 WEST 2023

Insertion à la base de données : Wed Nov 01 21:40:50 WEST 2023

Insertion à la base de données : Wed Nov 01 21:40:50 WEST 2023

Find all de la base de données : Wed Nov 01 21:40:54 WEST 2023

Insertion à la base de données : Wed Nov 01 21:41:04 WEST 2023

Find all de la base de données : Wed Nov 01 21:41:06 WEST 2023

Insertion à la base de données : Wed Nov 01 21:44:41 WEST 2023

Insertion à la base de données : Wed Nov 01 21:44:41 WEST 2023

Insertion à la base de données : Wed Nov 01 21:44:41 WEST 2023

Insertion à la base de données : Wed Nov 01 21:44:41 WEST 2023

Insertion à la base de données : Wed Nov 01 21:44:41 WEST 2023

Insertion à la base de données : Wed Nov 01 21:44:41 WEST 2023

Insertion à la base de données : Wed Nov 01 21:44:41 WEST 2023

Insertion à la base de données : Wed Nov 01 21:44:41 WEST 2023

Insertion à la base de données : Wed Nov 01 21:44:41 WEST 2023

Insertion à la base de données : Wed Nov 01 21:44:41 WEST 2023

Find all de la base de données : Wed Nov 01 21:44:43 WEST 2023
